<?xml version="1.0" encoding="UTF-8"?>
<beans xmlns="http://www.springframework.org/schema/beans"
       xmlns:xsi="http://www.w3.org/2001/XMLSchema-instance"
       xmlns:context="http://www.springframework.org/schema/context"
       xmlns:aop="http://www.springframework.org/schema/aop"
       xsi:schemaLocation="http://www.springframework.org/schema/beans
       http://www.springframework.org/schema/beans/spring-beans-2.5.xsd
       http://www.springframework.org/schema/context
       http://www.springframework.org/schema/context/spring-context.xsd http://www.springframework.org/schema/aop http://www.springframework.org/schema/aop/spring-aop.xsd"
       default-autowire="byName" default-lazy-init="false">

    <aop:aspectj-autoproxy/>

    <!-- 采用注释的方式配置bean -->
    <context:annotation-config/>

    <context:property-placeholder location="classpath:config/config.properties"/>

    <!-- 配置要扫描的包 -->
    <context:component-scan base-package="com.redsun.jira"/>

    <bean id="jiraRestClientFactory" class="com.atlassian.jira.rest.client.internal.async.AsynchronousJiraRestClientFactory"/>

</beans>